g:\google drive\programs\microsoft visual studio\6140\podem\debug\source.obj
g:\google drive\programs\microsoft visual studio\6140\podem\debug\vc110.pdb
g:\google drive\programs\microsoft visual studio\6140\podem\debug\podem.ilk
g:\google drive\programs\microsoft visual studio\6140\podem\debug\podem.exe
g:\google drive\programs\microsoft visual studio\6140\podem\debug\podem.pdb
e:\ubuntu files\podem-path-oriented-decision-making-fault-simulation-master\debug\source.obj
e:\ubuntu files\podem-path-oriented-decision-making-fault-simulation-master\debug\podem.ilk
e:\ubuntu files\podem-path-oriented-decision-making-fault-simulation-master\debug\cl.command.1.tlog
e:\ubuntu files\podem-path-oriented-decision-making-fault-simulation-master\debug\cl.read.1.tlog
e:\ubuntu files\podem-path-oriented-decision-making-fault-simulation-master\debug\cl.write.1.tlog
e:\ubuntu files\podem-path-oriented-decision-making-fault-simulation-master\debug\link-cvtres.read.1.tlog
e:\ubuntu files\podem-path-oriented-decision-making-fault-simulation-master\debug\link-cvtres.write.1.tlog
e:\ubuntu files\podem-path-oriented-decision-making-fault-simulation-master\debug\link-rc.read.1.tlog
e:\ubuntu files\podem-path-oriented-decision-making-fault-simulation-master\debug\link-rc.write.1.tlog
e:\ubuntu files\podem-path-oriented-decision-making-fault-simulation-master\debug\link.command.1.tlog
e:\ubuntu files\podem-path-oriented-decision-making-fault-simulation-master\debug\link.read.1.tlog
e:\ubuntu files\podem-path-oriented-decision-making-fault-simulation-master\debug\link.write.1.tlog
e:\ubuntu files\podem-path-oriented-decision-making-fault-simulation-master\debug\vc110.idb
e:\ubuntu files\podem-path-oriented-decision-making-fault-simulation-master\debug\podem.pdb
e:\ubuntu files\podem-path-oriented-decision-making-fault-simulation-master\debug\vc110.pdb
e:\ubuntu files\podem-path-oriented-decision-making-fault-simulation-master\debug\podem.exe
